Arguments: 
  C:\programme2\nodejs\node.exe C:\programme2\yarn\bin\yarn.js init

PATH: 
  C:\Users\basler\bin;C:\Program Files (x86)\Git\mingw32\bin;C:\Program Files (x86)\Git\usr\local\bin;C:\Program Files (x86)\Git\usr\bin;C:\Program Files (x86)\Git\usr\bin;C:\Program Files (x86)\Git\mingw32\bin;C:\Program Files (x86)\Git\usr\bin;C:\Users\basler\bin;C:\Program Files (x86)\Common Files\Oracle\Java\javapath;C:\Program Files (x86)\Intel\iCLS Client;C:\Program Files\Intel\iCLS Client;C:\WINDOWS\system32;C:\WINDOWS;C:\WINDOWS\System32\Wbem;C:\WINDOWS\System32\WindowsPowerShell\v1.0;C:\Program Files (x86)\Intel\Intel(R) Management Engine Components\DAL;C:\Program Files\Intel\Intel(R) Management Engine Components\DAL;C:\Program Files (x86)\Intel\Intel(R) Management Engine Components\IPT;C:\Program Files\Intel\Intel(R) Management Engine Components\IPT;C:\Program Files\Microsoft SQL Server\110\Tools\Binn;C:\Program Files\python27;C:\Program Files\python27\Scripts;C:\Program Files (x86)\python27;C:\Program Files (x86)\python27\Scripts;C:\Program Files (x86)\python35;C:\Program Files (x86)\python35\Scripts;C:\Program Files\python35;C:\Program Files\python35\Scripts;C:\Program Files\MiKTeX 2.9\miktex\bin\x64;C:\Program Files (x86)\PuTTY;C:\Program Files\Intel\WiFi\bin;C:\Program Files\Common Files\Intel\WirelessCommon;C:\Program Files\TortoiseGit\bin;C:\Program Files (x86)\Java\jdk1.8.0_181\bin;C:\Program Files (x86)\Skype\Phone;C:\Program Files\Java\jdk1.8.0_181\bin;C:\Program Files (x86)\Maven\bin;C:\Program Files\Subversion;C:\Program Files\TortoiseSVN\bin;C:\programme2\nodejs;C:\Program Files (x86)\Windows Kits\8.1\Windows Performance Toolkit;C:\Program Files\Ghostscript\bin;C:\Program Files (x86)\Git\usr\bin;C:\Program Files (x86)\Git\cmd;C:\programme2\yarn\bin;C:\Users\basler\AppData\Local\Microsoft\WindowsApps;C:\Users\basler\AppData\Local\atom\bin;C:\Users\basler\AppData\Roaming\npm;C:\Users\basler\AppData\Local\Yarn\bin;C:\Program Files (x86)\Git\usr\bin\vendor_perl;C:\Program Files (x86)\Git\usr\bin\core_perl

Yarn version: 
  1.10.1

Node version: 
  8.11.4

Platform: 
  win32 x64

Trace: 
  Error: canceled
      at Interface.<anonymous> (C:\programme2\yarn\lib\cli.js:116426:13)
      at emitNone (events.js:106:13)
      at Interface.emit (events.js:208:7)
      at Interface._ttyWrite (readline.js:774:16)
      at ReadStream.onkeypress (readline.js:158:10)
      at emitTwo (events.js:126:13)
      at ReadStream.emit (events.js:214:7)
      at emitKeys (internal/readline.js:420:14)
      at emitKeys.next (<anonymous>)
      at ReadStream.onData (readline.js:1010:36)

npm manifest: 
  No manifest

yarn manifest: 
  No manifest

Lockfile: 
  No lockfile
